2024-03-22 18:02:35.667 [info] Log level: Info
2024-03-22 18:02:35.667 [info] Validating found git in: "git"
2024-03-22 18:02:35.667 [info] Using git "2.39.2" from "git"
2024-03-22 18:02:35.667 [info] > git rev-parse --show-toplevel [3ms]
2024-03-22 18:02:35.668 [info] > git rev-parse --show-toplevel [1ms]
2024-03-22 18:02:39.743 [info] > git rev-parse --show-toplevel [1ms]
2024-03-22 18:02:39.747 [info] > git rev-parse --git-dir --git-common-dir [1ms]
2024-03-22 18:02:39.756 [info] Open repository: /home/lefv/.dotfiles
2024-03-22 18:02:39.762 [info] > git config --get commit.template [1ms]
2024-03-22 18:02:39.766 [info] > git for-each-ref --format=%(refname)%00%(upstream:short)%00%(objectname)%00%(upstream:track)%00%(upstream:remotename)%00%(upstream:remoteref) refs/heads/fedora refs/remotes/fedora [1ms]
2024-03-22 18:02:39.773 [info] > git status -z -uall [2ms]
2024-03-22 18:02:39.788 [info] > git config --get commit.template [2ms]
2024-03-22 18:02:39.819 [info] > git for-each-ref --format=%(refname)%00%(upstream:short)%00%(objectname)%00%(upstream:track)%00%(upstream:remotename)%00%(upstream:remoteref) refs/heads/fedora refs/remotes/fedora [27ms]
2024-03-22 18:02:39.836 [info] > git status -z -uall [2ms]
2024-03-22 18:02:40.272 [info] > git check-ignore -v -z --stdin [1ms]
2024-03-22 18:02:41.074 [info] > git show --textconv :config/Code - Exploration/User/profiles/-6393c8cb/keybindings.json [5ms]
2024-03-22 18:02:41.076 [info] > git ls-files --stage -- /home/lefv/.dotfiles/config/Code - Exploration/User/profiles/-6393c8cb/keybindings.json [2ms]
2024-03-22 18:02:41.083 [info] > git cat-file -s 330920995e4c5a9680a182ed85c8d8076cd5061e [1ms]
2024-03-22 18:02:47.642 [info] > git show --textconv :config/Code - Exploration/User/profiles/-6393c8cb/extensions.json [8ms]
2024-03-22 18:02:47.643 [info] > git ls-files --stage -- /home/lefv/.dotfiles/config/Code - Exploration/User/profiles/-6393c8cb/extensions.json [2ms]
2024-03-22 18:02:47.649 [info] > git cat-file -s ed805401046f47303cee6488e0a69d9401cd909a [1ms]
2024-03-22 18:02:50.238 [info] > git show --textconv :config/Code - Exploration/User/profiles/-6393c8cb/settings.json [7ms]
2024-03-22 18:02:50.238 [info] > git ls-files --stage -- /home/lefv/.dotfiles/config/Code - Exploration/User/profiles/-6393c8cb/settings.json [1ms]
2024-03-22 18:02:50.245 [info] > git cat-file -s 8aa671c07ad3b98287d8fda27a568b0413dcfaca [3ms]
2024-03-22 18:02:55.934 [info] > git config --get commit.template [7ms]
2024-03-22 18:02:55.934 [info] > git for-each-ref --format=%(refname)%00%(upstream:short)%00%(objectname)%00%(upstream:track)%00%(upstream:remotename)%00%(upstream:remoteref) refs/heads/fedora refs/remotes/fedora [2ms]
2024-03-22 18:02:55.941 [info] > git status -z -uall [2ms]
2024-03-22 18:03:01.958 [info] > git config --get commit.template [1ms]
2024-03-22 18:03:01.964 [info] > git for-each-ref --format=%(refname)%00%(upstream:short)%00%(objectname)%00%(upstream:track)%00%(upstream:remotename)%00%(upstream:remoteref) refs/heads/fedora refs/remotes/fedora [1ms]
2024-03-22 18:03:01.971 [info] > git status -z -uall [3ms]
2024-03-22 18:03:03.500 [info] > git show --textconv :config/Code - Exploration/User/profiles/-6393c8cb/keybindings.json [4ms]
2024-03-22 18:03:03.500 [info] > git ls-files --stage -- /home/lefv/.dotfiles/config/Code - Exploration/User/profiles/-6393c8cb/keybindings.json [1ms]
2024-03-22 18:03:03.505 [info] > git cat-file -s 330920995e4c5a9680a182ed85c8d8076cd5061e [2ms]
2024-03-22 18:03:06.993 [info] > git config --get commit.template [7ms]
2024-03-22 18:03:06.993 [info] > git for-each-ref --format=%(refname)%00%(upstream:short)%00%(objectname)%00%(upstream:track)%00%(upstream:remotename)%00%(upstream:remoteref) refs/heads/fedora refs/remotes/fedora [1ms]
2024-03-22 18:03:07.000 [info] > git status -z -uall [2ms]
2024-03-22 18:03:16.844 [info] > git config --get commit.template [7ms]
2024-03-22 18:03:16.844 [info] > git for-each-ref --format=%(refname)%00%(upstream:short)%00%(objectname)%00%(upstream:track)%00%(upstream:remotename)%00%(upstream:remoteref) refs/heads/fedora refs/remotes/fedora [2ms]
2024-03-22 18:03:16.853 [info] > git status -z -uall [3ms]
2024-03-22 18:03:21.867 [info] > git config --get commit.template [3ms]
2024-03-22 18:03:21.867 [info] > git for-each-ref --format=%(refname)%00%(upstream:short)%00%(objectname)%00%(upstream:track)%00%(upstream:remotename)%00%(upstream:remoteref) refs/heads/fedora refs/remotes/fedora [0ms]
2024-03-22 18:03:21.872 [info] > git status -z -uall [2ms]
